[2023-05-05 09:44:12,461]  28 root - INFO - entered the data injestion method or component
[2023-05-05 09:44:12,587]  32 root - INFO - Exported the dataset as dataframe
[2023-05-05 09:44:13,016]  37 root - INFO - Train Test split Initiated
[2023-05-05 09:44:13,466]  43 root - INFO - Injestion of Data is completed
[2023-05-05 09:44:13,591]  94 root - INFO - Read train and test data completed
[2023-05-05 09:44:13,599]  95 root - INFO - Train Dataframe Head : 
       ID Delivery_person_ID  Delivery_person_Age  Delivery_person_Ratings  Restaurant_latitude  Restaurant_longitude  Delivery_location_latitude  Delivery_location_longitude  Order_Date Time_Orderd Time_Order_picked Weather_conditions Road_traffic_density  Vehicle_condition Type_of_order Type_of_vehicle  multiple_deliveries Festival           City  Time_taken (min)
0  0x3088     CHENRES14DEL03                 24.0                      5.0            13.026279             80.174568                   13.056279                    80.204568  01-03-2022       18:10             18:20              Sunny               Medium                  1         Snack      motorcycle                  1.0       No  Metropolitian                16
1  0x61d3    COIMBRES11DEL03                 35.0                      4.3            11.001753             76.986241                   11.061753                    77.046241  26-03-2022       23:20             23:30         Sandstorms                  Low                  0          Meal      motorcycle                  1.0       No  Metropolitian                27
2  0x1c3d      SURRES20DEL01                 38.0                      4.1            21.152760             72.778059                   21.222760                    72.848059  02-03-2022       18:10             18:15         Sandstorms               Medium                  0        Buffet      motorcycle                  0.0       No  Metropolitian                36
3  0xc3f6      KOCRES18DEL02                 27.0                      4.9             9.957144             76.296783                   10.087144                    76.426783  14-02-2022        0.75             18:15              Windy               Medium                  1         Snack         scooter                  1.0       No  Metropolitian                22
4  0x795a    COIMBRES16DEL03                 20.0                      4.7            11.010375             76.952950                   11.100375                    77.042950  02-03-2022       19:55       0.833333333             Cloudy                  Jam                  0        Buffet      motorcycle                  0.0      Yes            NaN                42
[2023-05-05 09:44:13,606]  96 root - INFO - Test Dataframe Head  : 
       ID Delivery_person_ID  Delivery_person_Age  Delivery_person_Ratings  Restaurant_latitude  Restaurant_longitude  Delivery_location_latitude  Delivery_location_longitude  Order_Date Time_Orderd Time_Order_picked Weather_conditions Road_traffic_density  Vehicle_condition Type_of_order Type_of_vehicle  multiple_deliveries Festival           City  Time_taken (min)
0  0xcfcd      ALHRES08DEL02                 32.0                      4.1            25.450329             81.834279                   25.500329                    81.884279  13-02-2022       17:15             17:30         Sandstorms               Medium                  0         Snack      motorcycle                  1.0       No  Metropolitian                33
1  0x4f03      MYSRES17DEL01                 32.0                      4.9            12.326356             76.619103                   12.336356                    76.629103  03-03-2022       08:35             08:45              Windy                  Low                  1         Snack      motorcycle                  1.0       No  Metropolitian                28
2  0xc48b      DEHRES01DEL01                 23.0                      4.5             0.000000              0.000000                    0.070000                     0.070000  14-02-2022       21:50             22:05              Sunny                  Jam                  2         Snack         scooter                  1.0       No  Metropolitian                22
3  0x277c      JAPRES20DEL03                 22.0                      4.5            26.956431             75.776649                   26.986431                    75.806649  13-03-2022       22:45             22:50             Stormy                  Low                  0         Snack      motorcycle                  1.0       No  Metropolitian                25
4  0x5097      MYSRES04DEL02                 29.0                      4.9            12.308500             76.665808                   12.438500                    76.795808  14-03-2022       21:20             21:35             Cloudy                  Jam                  0        Drinks      motorcycle                  1.0       No  Metropolitian                35
[2023-05-05 09:44:13,606]  98 root - INFO - Obtaining preprocessing object
[2023-05-05 09:44:13,606]  29 root - INFO - Data Transformation initiated
[2023-05-05 09:44:13,606]  43 root - INFO - Pipeline Initiated
[2023-05-05 09:44:13,916]  118 root - INFO - Applying preprocessing object on training and testing datasets.
[2023-05-05 09:44:13,956]  134 root - INFO - Preprocessor pickle file saved
[2023-05-05 09:44:13,974]  29 root - INFO - splitting dependent and independent features from train and test data
[2023-05-05 09:44:16,165]  51 root - INFO - Model Report : {'LinearRegression': 0.5882245357005391, 'Lasso': 0.46537287424752294, 'Ridge': 0.5882857965771688, 'Elasticnet': 0.4494663175042892}
[2023-05-05 09:44:16,168]  64 root - INFO - Best Model Found , Model Name : Ridge , R2 Score : 0.5882857965771688
